<?xml version="1.0" encoding="UTF-8"?>
<!-- Generated by org.testng.reporters.JUnitReportReporter -->
<testsuite hostname="DESKTOP-UGDET12" failures="0" tests="3" name="TestRunner.OrangeTestrunner" time="0.342" errors="3" timestamp="2024-04-20T01:28:53 IST" skipped="0">
  <testcase classname="TestRunner.OrangeTestrunner" name="runScenario" time="0.271">
    <error message="Cannot invoke &quot;org.openqa.selenium.WebDriver.getTitle()&quot; because &quot;StepDefination.LoginStepD.driverb&quot; is null" type="java.lang.NullPointerException">
      <![CDATA[java.lang.NullPointerException: Cannot invoke "org.openqa.selenium.WebDriver.getTitle()" because "StepDefination.LoginStepD.driverb" is null
at StepDefination.LoginStepD.ss(LoginStepD.java:122)
]]>
    </error>
  </testcase> <!-- runScenario -->
  <testcase classname="TestRunner.OrangeTestrunner" name="runScenario" time="0.046">
    <error message="Cannot invoke &quot;org.openqa.selenium.WebDriver.getTitle()&quot; because &quot;StepDefination.LoginStepD.driverb&quot; is null" type="java.lang.NullPointerException">
      <![CDATA[java.lang.NullPointerException: Cannot invoke "org.openqa.selenium.WebDriver.getTitle()" because "StepDefination.LoginStepD.driverb" is null
at StepDefination.LoginStepD.ss(LoginStepD.java:122)
]]>
    </error>
  </testcase> <!-- runScenario -->
  <testcase classname="TestRunner.OrangeTestrunner" name="runScenario" time="0.025">
    <error message="Cannot invoke &quot;org.openqa.selenium.WebDriver.getTitle()&quot; because &quot;StepDefination.LoginStepD.driverb&quot; is null" type="java.lang.NullPointerException">
      <![CDATA[java.lang.NullPointerException: Cannot invoke "org.openqa.selenium.WebDriver.getTitle()" because "StepDefination.LoginStepD.driverb" is null
at StepDefination.LoginStepD.ss(LoginStepD.java:122)
]]>
    </error>
  </testcase> <!-- runScenario -->
</testsuite> <!-- TestRunner.OrangeTestrunner -->
